This file contains any messages produced by compilers while
running configure, to aid debugging if configure makes a mistake.

It was created by inkscape configure 0.36, which was
generated by GNU Autoconf 2.57.  Invocation command line was

  $ ./configure 

## --------- ##
## Platform. ##
## --------- ##

hostname = debian
uname -m = i686
uname -r = 2.6.32-5-686
uname -s = Linux
uname -v = #1 SMP Mon Feb 25 01:04:36 UTC 2013

/usr/bin/uname -p = unknown
/bin/uname -X     = unknown

/bin/arch              = unknown
/usr/bin/arch -k       = unknown
/usr/convex/getsysinfo = unknown
hostinfo               = unknown
/bin/machine           = unknown
/usr/bin/oslevel       = unknown
/bin/universe          = unknown

PATH: /usr/lib/libfm
PATH: /usr/local/bin
PATH: /usr/bin
PATH: /bin
PATH: /usr/local/games
PATH: /usr/games


## ----------- ##
## Core tests. ##
## ----------- ##

configure:1508: checking for a BSD-compatible install
configure:1562: result: /usr/bin/install -c
configure:1577: checking for -p flag to install
configure:1590: result: yes
configure:1601: checking whether build environment is sane
configure:1644: result: yes
configure:1677: checking for gawk
configure:1706: result: no
configure:1677: checking for mawk
configure:1693: found /usr/bin/mawk
configure:1703: result: mawk
configure:1713: checking whether make sets $(MAKE)
configure:1733: result: yes
configure:1904: checking for intltool >= 0.22
configure:1914: result: 0.25 found
configure:1965: checking for perl
configure:1983: found /usr/bin/perl
configure:1995: result: /usr/bin/perl
configure:2034: checking build system type
configure:2052: result: i686-pc-linux-gnu
configure:2060: checking host system type
configure:2074: result: i686-pc-linux-gnu
configure:2094: checking for style of include used by make
configure:2122: result: GNU
configure:2193: checking for gcc
configure:2209: found /usr/bin/gcc
configure:2219: result: gcc
configure:2463: checking for C compiler version
configure:2466: gcc --version </dev/null >&5
gcc (Debian 4.4.5-8) 4.4.5
Copyright (C) 2010 Free Software Foundation, Inc.
This is free software; see the source for copying conditions.  There is NO
warranty; not even for MERCHANTABILITY or FITNESS FOR A PARTICULAR PURPOSE.

configure:2469: $? = 0
configure:2471: gcc -v </dev/null >&5
Using built-in specs.
Target: i486-linux-gnu
Configured with: ../src/configure -v --with-pkgversion='Debian 4.4.5-8' --with-bugurl=file:///usr/share/doc/gcc-4.4/README.Bugs --enable-languages=c,c++,fortran,objc,obj-c++ --prefix=/usr --program-suffix=-4.4 --enable-shared --enable-multiarch --enable-linker-build-id --with-system-zlib --libexecdir=/usr/lib --without-included-gettext --enable-threads=posix --with-gxx-include-dir=/usr/include/c++/4.4 --libdir=/usr/lib --enable-nls --enable-clocale=gnu --enable-libstdcxx-debug --enable-objc-gc --enable-targets=all --with-arch-32=i586 --with-tune=generic --enable-checking=release --build=i486-linux-gnu --host=i486-linux-gnu --target=i486-linux-gnu
Thread model: posix
gcc version 4.4.5 (Debian 4.4.5-8) 
configure:2474: $? = 0
configure:2476: gcc -V </dev/null >&5
gcc: '-V' option must have argument
configure:2479: $? = 1
configure:2503: checking for C compiler default output
configure:2506: gcc    conftest.c  >&5
configure:2509: $? = 0
configure:2555: result: a.out
configure:2560: checking whether the C compiler works
configure:2566: ./a.out
configure:2569: $? = 0
configure:2586: result: yes
configure:2593: checking whether we are cross compiling
configure:2595: result: no
configure:2598: checking for suffix of executables
configure:2600: gcc -o conftest    conftest.c  >&5
configure:2603: $? = 0
configure:2628: result: 
configure:2634: checking for suffix of object files
configure:2656: gcc -c   conftest.c >&5
configure:2659: $? = 0
configure:2681: result: o
configure:2685: checking whether we are using the GNU C compiler
configure:2710: gcc -c   conftest.c >&5
configure:2713: $? = 0
configure:2716: test -s conftest.o
configure:2719: $? = 0
configure:2732: result: yes
configure:2738: checking whether gcc accepts -g
configure:2760: gcc -c -g  conftest.c >&5
configure:2763: $? = 0
configure:2766: test -s conftest.o
configure:2769: $? = 0
configure:2780: result: yes
configure:2797: checking for gcc option to accept ANSI C
configure:2858: gcc  -c -g -O2  conftest.c >&5
configure:2861: $? = 0
configure:2864: test -s conftest.o
configure:2867: $? = 0
configure:2885: result: none needed
configure:2903: gcc -c -g -O2  conftest.c >&5
conftest.c:2: error: expected '=', ',', ';', 'asm' or '__attribute__' before 'me'
configure:2906: $? = 1
configure: failed program was:
| #ifndef __cplusplus
|   choke me
| #endif
configure:3017: checking dependency style of gcc
configure:3100: result: gcc3
configure:3119: checking for strerror in -lcposix
configure:3150: gcc -o conftest -g -O2   conftest.c -lcposix   >&5
/usr/bin/ld: cannot find -lcposix
collect2: ld returned 1 exit status
configure:3153: $? = 1
configure: failed program was:
| #line 3126 "configure"
| /* confdefs.h.  */
| 
| #define PACKAGE_NAME "inkscape"
| #define PACKAGE_TARNAME "inkscape"
| #define PACKAGE_VERSION "0.36"
| #define PACKAGE_STRING "inkscape 0.36"
| #define PACKAGE_BUGREPORT ""
| #define PACKAGE "inkscape"
| #define VERSION "0.36"
| /* end confdefs.h.  */
| 
| /* Override any gcc2 internal prototype to avoid an error.  */
| #ifdef __cplusplus
| extern "C"
| #endif
| /* We use char because int might match the return type of a gcc2
|    builtin and then its argument prototype would still apply.  */
| char strerror ();
| int
| main ()
| {
| strerror ();
|   ;
|   return 0;
| }
configure:3171: result: no
configure:3225: checking for gcc
configure:3251: result: gcc
configure:3495: checking for C compiler version
configure:3498: gcc --version </dev/null >&5
gcc (Debian 4.4.5-8) 4.4.5
Copyright (C) 2010 Free Software Foundation, Inc.
This is free software; see the source for copying conditions.  There is NO
warranty; not even for MERCHANTABILITY or FITNESS FOR A PARTICULAR PURPOSE.

configure:3501: $? = 0
configure:3503: gcc -v </dev/null >&5
Using built-in specs.
Target: i486-linux-gnu
Configured with: ../src/configure -v --with-pkgversion='Debian 4.4.5-8' --with-bugurl=file:///usr/share/doc/gcc-4.4/README.Bugs --enable-languages=c,c++,fortran,objc,obj-c++ --prefix=/usr --program-suffix=-4.4 --enable-shared --enable-multiarch --enable-linker-build-id --with-system-zlib --libexecdir=/usr/lib --without-included-gettext --enable-threads=posix --with-gxx-include-dir=/usr/include/c++/4.4 --libdir=/usr/lib --enable-nls --enable-clocale=gnu --enable-libstdcxx-debug --enable-objc-gc --enable-targets=all --with-arch-32=i586 --with-tune=generic --enable-checking=release --build=i486-linux-gnu --host=i486-linux-gnu --target=i486-linux-gnu
Thread model: posix
gcc version 4.4.5 (Debian 4.4.5-8) 
configure:3506: $? = 0
configure:3508: gcc -V </dev/null >&5
gcc: '-V' option must have argument
configure:3511: $? = 1
configure:3514: checking whether we are using the GNU C compiler
configure:3561: result: yes
configure:3567: checking whether gcc accepts -g
configure:3609: result: yes
configure:3626: checking for gcc option to accept ANSI C
configure:3714: result: none needed
configure:3732: gcc -c -g -O2  conftest.c >&5
conftest.c:2: error: expected '=', ',', ';', 'asm' or '__attribute__' before 'me'
configure:3735: $? = 1
configure: failed program was:
| #ifndef __cplusplus
|   choke me
| #endif
configure:3846: checking dependency style of gcc
configure:3929: result: gcc3
configure:3949: checking for gcc option to accept ANSI C
configure:4013: gcc  -c -g -O2  conftest.c >&5
configure:4016: $? = 0
configure:4019: test -s conftest.o
configure:4022: $? = 0
configure:4037: result: none needed
configure:4060: checking how to run the C preprocessor
configure:4096: gcc -E  conftest.c
configure:4102: $? = 0
configure:4134: gcc -E  conftest.c
configure:4135:28: error: ac_nonexistent.h: No such file or directory
configure:4140: $? = 1
configure: failed program was:
| #line 4125 "configure"
| /* confdefs.h.  */
| 
| #define PACKAGE_NAME "inkscape"
| #define PACKAGE_TARNAME "inkscape"
| #define PACKAGE_VERSION "0.36"
| #define PACKAGE_STRING "inkscape 0.36"
| #define PACKAGE_BUGREPORT ""
| #define PACKAGE "inkscape"
| #define VERSION "0.36"
| /* end confdefs.h.  */
| #include <ac_nonexistent.h>
configure:4178: result: gcc -E
configure:4203: gcc -E  conftest.c
configure:4209: $? = 0
configure:4241: gcc -E  conftest.c
configure:4242:28: error: ac_nonexistent.h: No such file or directory
configure:4247: $? = 1
configure: failed program was:
| #line 4232 "configure"
| /* confdefs.h.  */
| 
| #define PACKAGE_NAME "inkscape"
| #define PACKAGE_TARNAME "inkscape"
| #define PACKAGE_VERSION "0.36"
| #define PACKAGE_STRING "inkscape 0.36"
| #define PACKAGE_BUGREPORT ""
| #define PACKAGE "inkscape"
| #define VERSION "0.36"
| /* end confdefs.h.  */
| #include <ac_nonexistent.h>
configure:4290: checking for egrep
configure:4300: result: grep -E
configure:4305: checking for ANSI C header files
configure:4331: gcc -c -g -O2  conftest.c >&5
configure:4334: $? = 0
configure:4337: test -s conftest.o
configure:4340: $? = 0
configure:4432: gcc -o conftest -g -O2   conftest.c  >&5
configure: In function 'main':
configure:4427: warning: incompatible implicit declaration of built-in function 'exit'
configure:4435: $? = 0
configure:4437: ./conftest
configure:4440: $? = 0
configure:4455: result: yes
configure:4551: checking for ld used by GCC
configure:4615: result: /usr/bin/ld
configure:4624: checking if the linker (/usr/bin/ld) is GNU ld
GNU ld (GNU Binutils for Debian) 2.20.1-system.20100303
configure:4636: result: yes
configure:4641: checking for /usr/bin/ld option to reload object files
configure:4648: result: -r
configure:4657: checking for BSD-compatible nm
configure:4692: result: /usr/bin/nm -B
configure:4696: checking for a sed that does not truncate output
configure:4772: result: 
configure:4775: checking whether ln -s works
configure:4779: result: yes
configure:4786: checking how to recognise dependant libraries
configure:4973: result: pass_all
configure:5126: checking for sys/types.h
configure:5143: gcc -c -g -O2  conftest.c >&5
configure:5146: $? = 0
configure:5149: test -s conftest.o
configure:5152: $? = 0
configure:5163: result: yes
configure:5126: checking for sys/stat.h
configure:5143: gcc -c -g -O2  conftest.c >&5
configure:5146: $? = 0
configure:5149: test -s conftest.o
configure:5152: $? = 0
configure:5163: result: yes
configure:5126: checking for stdlib.h
configure:5143: gcc -c -g -O2  conftest.c >&5
configure:5146: $? = 0
configure:5149: test -s conftest.o
configure:5152: $? = 0
configure:5163: result: yes
configure:5126: checking for string.h
configure:5143: gcc -c -g -O2  conftest.c >&5
configure:5146: $? = 0
configure:5149: test -s conftest.o
configure:5152: $? = 0
configure:5163: result: yes
configure:5126: checking for memory.h
configure:5143: gcc -c -g -O2  conftest.c >&5
configure:5146: $? = 0
configure:5149: test -s conftest.o
configure:5152: $? = 0
configure:5163: result: yes
configure:5126: checking for strings.h
configure:5143: gcc -c -g -O2  conftest.c >&5
configure:5146: $? = 0
configure:5149: test -s conftest.o
configure:5152: $? = 0
configure:5163: result: yes
configure:5126: checking for inttypes.h
configure:5143: gcc -c -g -O2  conftest.c >&5
configure:5146: $? = 0
configure:5149: test -s conftest.o
configure:5152: $? = 0
configure:5163: result: yes
configure:5126: checking for stdint.h
configure:5143: gcc -c -g -O2  conftest.c >&5
configure:5146: $? = 0
configure:5149: test -s conftest.o
configure:5152: $? = 0
configure:5163: result: yes
configure:5126: checking for unistd.h
configure:5143: gcc -c -g -O2  conftest.c >&5
configure:5146: $? = 0
configure:5149: test -s conftest.o
configure:5152: $? = 0
configure:5163: result: yes
configure:5189: checking dlfcn.h usability
configure:5202: gcc -c -g -O2  conftest.c >&5
configure:5205: $? = 0
configure:5208: test -s conftest.o
configure:5211: $? = 0
configure:5221: result: yes
configure:5225: checking dlfcn.h presence
configure:5236: gcc -E  conftest.c
configure:5242: $? = 0
configure:5261: result: yes
configure:5297: checking for dlfcn.h
configure:5304: result: yes
configure:5369: checking for g++
configure:5385: found /usr/bin/g++
configure:5395: result: g++
configure:5411: checking for C++ compiler version
configure:5414: g++ --version </dev/null >&5
g++ (Debian 4.4.5-8) 4.4.5
Copyright (C) 2010 Free Software Foundation, Inc.
This is free software; see the source for copying conditions.  There is NO
warranty; not even for MERCHANTABILITY or FITNESS FOR A PARTICULAR PURPOSE.

configure:5417: $? = 0
configure:5419: g++ -v </dev/null >&5
Using built-in specs.
Target: i486-linux-gnu
Configured with: ../src/configure -v --with-pkgversion='Debian 4.4.5-8' --with-bugurl=file:///usr/share/doc/gcc-4.4/README.Bugs --enable-languages=c,c++,fortran,objc,obj-c++ --prefix=/usr --program-suffix=-4.4 --enable-shared --enable-multiarch --enable-linker-build-id --with-system-zlib --libexecdir=/usr/lib --without-included-gettext --enable-threads=posix --with-gxx-include-dir=/usr/include/c++/4.4 --libdir=/usr/lib --enable-nls --enable-clocale=gnu --enable-libstdcxx-debug --enable-objc-gc --enable-targets=all --with-arch-32=i586 --with-tune=generic --enable-checking=release --build=i486-linux-gnu --host=i486-linux-gnu --target=i486-linux-gnu
Thread model: posix
gcc version 4.4.5 (Debian 4.4.5-8) 
configure:5422: $? = 0
configure:5424: g++ -V </dev/null >&5
g++: '-V' option must have argument
configure:5427: $? = 1
configure:5430: checking whether we are using the GNU C++ compiler
configure:5455: g++ -c   conftest.cc >&5
configure:5458: $? = 0
configure:5461: test -s conftest.o
configure:5464: $? = 0
configure:5477: result: yes
configure:5483: checking whether g++ accepts -g
configure:5505: g++ -c -g  conftest.cc >&5
configure:5508: $? = 0
configure:5511: test -s conftest.o
configure:5514: $? = 0
configure:5525: result: yes
configure:5569: g++ -c -g -O2  conftest.cc >&5
configure:5572: $? = 0
configure:5575: test -s conftest.o
configure:5578: $? = 0
configure:5605: g++ -c -g -O2  conftest.cc >&5
configure: In function 'int main()':
configure:5613: error: 'exit' was not declared in this scope
configure:5608: $? = 1
configure: failed program was:
| #line 5588 "configure"
| /* confdefs.h.  */
| 
| #define PACKAGE_NAME "inkscape"
| #define PACKAGE_TARNAME "inkscape"
| #define PACKAGE_VERSION "0.36"
| #define PACKAGE_STRING "inkscape 0.36"
| #define PACKAGE_BUGREPORT ""
| #define PACKAGE "inkscape"
| #define VERSION "0.36"
| #define STDC_HEADERS 1
| #define HAVE_SYS_TYPES_H 1
| #define HAVE_SYS_STAT_H 1
| #define HAVE_STDLIB_H 1
| #define HAVE_STRING_H 1
| #define HAVE_MEMORY_H 1
| #define HAVE_STRINGS_H 1
| #define HAVE_INTTYPES_H 1
| #define HAVE_STDINT_H 1
| #define HAVE_UNISTD_H 1
| #define HAVE_DLFCN_H 1
| /* end confdefs.h.  */
| 
| int
| main ()
| {
| exit (42);
|   ;
|   return 0;
| }
configure:5569: g++ -c -g -O2  conftest.cc >&5
configure:5572: $? = 0
configure:5575: test -s conftest.o
configure:5578: $? = 0
configure:5605: g++ -c -g -O2  conftest.cc >&5
configure:5608: $? = 0
configure:5611: test -s conftest.o
configure:5614: $? = 0
configure:5639: checking dependency style of g++
configure:5722: result: gcc3
configure:5744: checking how to run the C++ preprocessor
configure:5776: g++ -E  conftest.cc
configure:5782: $? = 0
configure:5814: g++ -E  conftest.cc
configure:5829:28: error: ac_nonexistent.h: No such file or directory
configure:5820: $? = 1
configure: failed program was:
| #line 5805 "configure"
| /* confdefs.h.  */
| 
| #define PACKAGE_NAME "inkscape"
| #define PACKAGE_TARNAME "inkscape"
| #define PACKAGE_VERSION "0.36"
| #define PACKAGE_STRING "inkscape 0.36"
| #define PACKAGE_BUGREPORT ""
| #define PACKAGE "inkscape"
| #define VERSION "0.36"
| #define STDC_HEADERS 1
| #define HAVE_SYS_TYPES_H 1
| #define HAVE_SYS_STAT_H 1
| #define HAVE_STDLIB_H 1
| #define HAVE_STRING_H 1
| #define HAVE_MEMORY_H 1
| #define HAVE_STRINGS_H 1
| #define HAVE_INTTYPES_H 1
| #define HAVE_STDINT_H 1
| #define HAVE_UNISTD_H 1
| #define HAVE_DLFCN_H 1
| #ifdef __cplusplus
| #include <stdlib.h>
| #endif
| /* end confdefs.h.  */
| #include <ac_nonexistent.h>
configure:5858: result: g++ -E
configure:5883: g++ -E  conftest.cc
configure:5889: $? = 0
configure:5921: g++ -E  conftest.cc
configure:5936:28: error: ac_nonexistent.h: No such file or directory
configure:5927: $? = 1
configure: failed program was:
| #line 5912 "configure"
| /* confdefs.h.  */
| 
| #define PACKAGE_NAME "inkscape"
| #define PACKAGE_TARNAME "inkscape"
| #define PACKAGE_VERSION "0.36"
| #define PACKAGE_STRING "inkscape 0.36"
| #define PACKAGE_BUGREPORT ""
| #define PACKAGE "inkscape"
| #define VERSION "0.36"
| #define STDC_HEADERS 1
| #define HAVE_SYS_TYPES_H 1
| #define HAVE_SYS_STAT_H 1
| #define HAVE_STDLIB_H 1
| #define HAVE_STRING_H 1
| #define HAVE_MEMORY_H 1
| #define HAVE_STRINGS_H 1
| #define HAVE_INTTYPES_H 1
| #define HAVE_STDINT_H 1
| #define HAVE_UNISTD_H 1
| #define HAVE_DLFCN_H 1
| #ifdef __cplusplus
| #include <stdlib.h>
| #endif
| /* end confdefs.h.  */
| #include <ac_nonexistent.h>
configure:5974: checking the maximum length of command line arguments
configure:6022: result: 32768
configure:6033: checking command to parse /usr/bin/nm -B output from gcc object
configure:6118: g++ -c -g -O2  conftest.cc >&5
configure:6121: $? = 0
configure:6125: /usr/bin/nm -B conftest.o \| sed -n -e 's/^.*[ 	]\([ABCDGISTW][ABCDGISTW]*\)[ 	][ 	]*\(\)\([_A-Za-z][_A-Za-z0-9]*\)$/\1 \2\3 \3/p' \> conftest.nm
configure:6128: $? = 0
configure:6180: g++ -o conftest -g -O2   conftest.cc conftstm.o >&5
configure:6183: $? = 0
configure:6221: result: ok
configure:6225: checking for objdir
configure:6240: result: .libs
configure:6330: checking for ranlib
configure:6346: found /usr/bin/ranlib
configure:6357: result: ranlib
configure:6410: checking for strip
configure:6426: found /usr/bin/strip
configure:6437: result: strip
configure:6700: checking if gcc static flag  works
configure:6723: result: yes
configure:6740: checking if gcc supports -fno-rtti -fno-exceptions
cc1: warning: command line option "-fno-rtti" is valid for C++/ObjC++ but not for C
cc1: warning: command line option "-fno-rtti" is valid for C++/ObjC++ but not for C
configure:6764: result: no
configure:6779: checking for gcc option to produce PIC
configure:6932: result: -fPIC
configure:6939: checking if gcc PIC flag -fPIC works
configure:6963: result: yes
configure:6987: checking if gcc supports -c -o file.o
configure:7028: result: yes
configure:7054: checking whether the gcc linker (/usr/bin/ld) supports shared libraries
configure:7848: result: yes
configure:7870: checking whether -lc should be explicitly linked in
configure:7875: gcc -c -g -O2  conftest.c >&5
configure:7878: $? = 0
configure:7892: gcc -shared conftest.o  -v -Wl,-soname -Wl,conftest -o conftest 2\>\&1 \| grep  -lc  \>/dev/null 2\>\&1
configure:7895: $? = 0
configure:7907: result: no
configure:7913: checking how to hardcode library paths into programs
configure:7937: result: immediate
configure:7951: checking whether stripping libraries is possible
configure:7956: result: yes
configure:7963: checking dynamic linker characteristics
configure:8405: result: GNU/Linux ld.so
configure:9058: checking if libtool supports shared libraries
configure:9060: result: yes
configure:9063: checking whether to build shared libraries
configure:9084: result: yes
configure:9087: checking whether to build static libraries
configure:9091: result: yes
configure:9170: creating libtool
configure:9895: checking whether the g++ linker (/usr/bin/ld) supports shared libraries
configure:10562: result: yes
configure:10579: g++ -c -g -O2  conftest.cc >&5
configure:10582: $? = 0
configure:10682: checking for g++ option to produce PIC
configure:10918: result: -fPIC
configure:10925: checking if g++ PIC flag -fPIC works
configure:10949: result: yes
configure:10973: checking if g++ supports -c -o file.o
configure:11014: result: yes
configure:11040: checking whether the g++ linker (/usr/bin/ld) supports shared libraries
configure:11062: result: yes
configure:11084: checking whether -lc should be explicitly linked in
configure:11089: g++ -c -g -O2  conftest.cc >&5
configure:11092: $? = 0
configure:11106: g++ -shared -nostdlib  conftest.o   -v -Wl,-soname -Wl,conftest -o conftest 2\>\&1 \| grep  -lc  \>/dev/null 2\>\&1
configure:11109: $? = 1
configure:11121: result: yes
configure:11127: checking how to hardcode library paths into programs
configure:11151: result: immediate
configure:11165: checking whether stripping libraries is possible
configure:11170: result: yes
configure:11177: checking dynamic linker characteristics
configure:11619: result: GNU/Linux ld.so
configure:12688: checking if gcj supports -fno-rtti -fno-exceptions
configure:12712: result: no
configure:12727: checking for gcj option to produce PIC
configure:12880: result: -fPIC
configure:12887: checking if gcj PIC flag -fPIC works
configure:12911: result: no
configure:12935: checking if gcj supports -c -o file.o
configure:12976: result: no
configure:13002: checking whether the gcj linker (/usr/bin/ld) supports shared libraries
configure:13796: result: yes
configure:13818: checking whether -lc should be explicitly linked in
configure:13823: gcj -c -g -O2  conftest.java >&5
./configure: line 13824: gcj: command not found
configure:13826: $? = 127
configure:13855: result: yes
configure:13861: checking how to hardcode library paths into programs
configure:13885: result: immediate
configure:13899: checking whether stripping libraries is possible
configure:13904: result: yes
configure:13911: checking dynamic linker characteristics
configure:14353: result: GNU/Linux ld.so
configure:15858: checking locale.h usability
configure:15871: gcc -c -g -O2  conftest.c >&5
configure:15874: $? = 0
configure:15877: test -s conftest.o
configure:15880: $? = 0
configure:15890: result: yes
configure:15894: checking locale.h presence
configure:15905: gcc -E  conftest.c
configure:15911: $? = 0
configure:15930: result: yes
configure:15966: checking for locale.h
configure:15973: result: yes
configure:15987: checking for LC_MESSAGES
configure:16009: gcc -o conftest -g -O2   conftest.c  >&5
configure:16012: $? = 0
configure:16015: test -s conftest
configure:16018: $? = 0
configure:16029: result: yes
configure:16058: checking libintl.h usability
configure:16071: gcc -c -g -O2  conftest.c >&5
configure:16074: $? = 0
configure:16077: test -s conftest.o
configure:16080: $? = 0
configure:16090: result: yes
configure:16094: checking libintl.h presence
configure:16105: gcc -E  conftest.c
configure:16111: $? = 0
configure:16130: result: yes
configure:16166: checking for libintl.h
configure:16173: result: yes
configure:16184: checking for dgettext in libc
configure:16208: gcc -o conftest -g -O2   conftest.c  >&5
configure:16211: $? = 0
configure:16214: test -s conftest
configure:16217: $? = 0
configure:16229: result: yes
configure:16237: checking for bind_textdomain_codeset
configure:16287: gcc -o conftest -g -O2   conftest.c  >&5
configure:16290: $? = 0
configure:16293: test -s conftest
configure:16296: $? = 0
configure:16307: result: yes
configure:16631: checking for msgfmt
configure:16658: result: /usr/bin/msgfmt
configure:16669: checking for dcgettext
configure:16719: gcc -o conftest -g -O2   conftest.c  >&5
configure:16719: warning: conflicting types for built-in function 'dcgettext'
configure:16722: $? = 0
configure:16725: test -s conftest
configure:16728: $? = 0
configure:16739: result: yes
configure:16751: checking for gmsgfmt
configure:16782: result: /usr/bin/msgfmt
configure:16791: checking for xgettext
configure:16818: result: /usr/bin/xgettext
configure:16843: gcc -o conftest -g -O2   conftest.c  >&5
configure:16846: $? = 0
configure:16849: test -s conftest
configure:16852: $? = 0
configure:16919: checking for catalogs to be installed
configure:16928: result:  am az be ca cs da de el es et fr ga gl hu it ja nl no ru sk sl sr sr@Latn sv tr uk pl pt_BR pt zh_CN
configure:16963: checking for pkg-config
configure:16981: found /usr/bin/pkg-config
configure:16994: result: /usr/bin/pkg-config
configure:17007: checking for png_read_info in -lpng
configure:17038: gcc -o conftest -g -O2   conftest.c -lpng -lz -lm  >&5
configure:17041: $? = 0
configure:17044: test -s conftest
configure:17047: $? = 0
configure:17059: result: yes
configure:17072: checking png.h usability
configure:17085: gcc -c -g -O2  conftest.c >&5
configure:17088: $? = 0
configure:17091: test -s conftest.o
configure:17094: $? = 0
configure:17104: result: yes
configure:17108: checking png.h presence
configure:17119: gcc -E  conftest.c
configure:17125: $? = 0
configure:17144: result: yes
configure:17180: checking for png.h
configure:17187: result: yes
configure:17210: checking for freetype-config
configure:17228: found /usr/bin/freetype-config
configure:17241: result: /usr/bin/freetype-config
configure:17279: checking popt.h usability
configure:17292: gcc -c -g -O2  conftest.c >&5
configure:17346:18: error: popt.h: No such file or directory
configure:17295: $? = 1
configure: failed program was:
| #line 17281 "configure"
| /* confdefs.h.  */
| 
| #define PACKAGE_NAME "inkscape"
| #define PACKAGE_TARNAME "inkscape"
| #define PACKAGE_VERSION "0.36"
| #define PACKAGE_STRING "inkscape 0.36"
| #define PACKAGE_BUGREPORT ""
| #define PACKAGE "inkscape"
| #define VERSION "0.36"
| #define STDC_HEADERS 1
| #define HAVE_SYS_TYPES_H 1
| #define HAVE_SYS_STAT_H 1
| #define HAVE_STDLIB_H 1
| #define HAVE_STRING_H 1
| #define HAVE_MEMORY_H 1
| #define HAVE_STRINGS_H 1
| #define HAVE_INTTYPES_H 1
| #define HAVE_STDINT_H 1
| #define HAVE_UNISTD_H 1
| #define HAVE_DLFCN_H 1
| #ifdef __cplusplus
| #include <stdlib.h>
| #endif
| #define GETTEXT_PACKAGE "inkscape"
| #define HAVE_LOCALE_H 1
| #define HAVE_LC_MESSAGES 1
| #define HAVE_BIND_TEXTDOMAIN_CODESET 1
| #define HAVE_GETTEXT 1
| #define HAVE_DCGETTEXT 1
| #define ENABLE_NLS 1
| /* end confdefs.h.  */
| #include <stdio.h>
| #if HAVE_SYS_TYPES_H
| # include <sys/types.h>
| #endif
| #if HAVE_SYS_STAT_H
| # include <sys/stat.h>
| #endif
| #if STDC_HEADERS
| # include <stdlib.h>
| # include <stddef.h>
| #else
| # if HAVE_STDLIB_H
| #  include <stdlib.h>
| # endif
| #endif
| #if HAVE_STRING_H
| # if !STDC_HEADERS && HAVE_MEMORY_H
| #  include <memory.h>
| # endif
| # include <string.h>
| #endif
| #if HAVE_STRINGS_H
| # include <strings.h>
| #endif
| #if HAVE_INTTYPES_H
| # include <inttypes.h>
| #else
| # if HAVE_STDINT_H
| #  include <stdint.h>
| # endif
| #endif
| #if HAVE_UNISTD_H
| # include <unistd.h>
| #endif
| #include <popt.h>
configure:17311: result: no
configure:17315: checking popt.h presence
configure:17326: gcc -E  conftest.c
configure:17348:18: error: popt.h: No such file or directory
configure:17332: $? = 1
configure: failed program was:
| #line 17317 "configure"
| /* confdefs.h.  */
| 
| #define PACKAGE_NAME "inkscape"
| #define PACKAGE_TARNAME "inkscape"
| #define PACKAGE_VERSION "0.36"
| #define PACKAGE_STRING "inkscape 0.36"
| #define PACKAGE_BUGREPORT ""
| #define PACKAGE "inkscape"
| #define VERSION "0.36"
| #define STDC_HEADERS 1
| #define HAVE_SYS_TYPES_H 1
| #define HAVE_SYS_STAT_H 1
| #define HAVE_STDLIB_H 1
| #define HAVE_STRING_H 1
| #define HAVE_MEMORY_H 1
| #define HAVE_STRINGS_H 1
| #define HAVE_INTTYPES_H 1
| #define HAVE_STDINT_H 1
| #define HAVE_UNISTD_H 1
| #define HAVE_DLFCN_H 1
| #ifdef __cplusplus
| #include <stdlib.h>
| #endif
| #define GETTEXT_PACKAGE "inkscape"
| #define HAVE_LOCALE_H 1
| #define HAVE_LC_MESSAGES 1
| #define HAVE_BIND_TEXTDOMAIN_CODESET 1
| #define HAVE_GETTEXT 1
| #define HAVE_DCGETTEXT 1
| #define ENABLE_NLS 1
| /* end confdefs.h.  */
| #include <popt.h>
configure:17351: result: no
configure:17387: checking for popt.h
configure:17394: result: no
configure:17501: checking for xft
configure:17505: result: yes
configure:17509: checking XFT_CFLAGS
configure:17512: result: -I/usr/include/freetype2  
configure:17515: checking XFT_LIBS
configure:17518: result: -lXft  
configure:18013: checking for gtk+-2.0 >= 2.0.0  libart-2.0 >= 2.3.10  libxml-2.0 >= 2-2.4.24
configure:18017: result: yes
configure:18021: checking INKSCAPE_CFLAGS
configure:18024: result: -pthread -I/usr/include/gtk-2.0 -I/usr/lib/gtk-2.0/include -I/usr/include/atk-1.0 -I/usr/include/cairo -I/usr/include/pango-1.0 -I/usr/include/gio-unix-2.0/ -I/usr/include/pixman-1 -I/usr/include/freetype2 -I/usr/include/libpng12 -I/usr/include/glib-2.0 -I/usr/lib/glib-2.0/include -I/usr/include/libart-2.0 -I/usr/include/libxml2  
configure:18027: checking INKSCAPE_LIBS
configure:18030: result: -pthread -lgtk-x11-2.0 -lgdk-x11-2.0 -latk-1.0 -lpangoft2-1.0 -lgdk_pixbuf-2.0 -lm -lpangocairo-1.0 -lcairo -lgio-2.0 -lpango-1.0 -lfreetype -lfontconfig -lgobject-2.0 -lgmodule-2.0 -lgthread-2.0 -lrt -lglib-2.0 -lart_lgpl_2 -lxml2  
configure:18065: checking for bind_textdomain_codeset
configure:18135: result: yes
configure:18149: checking for gtk_window_set_default_icon_from_file
configure:18199: gcc -o conftest -g -O2   conftest.c  -pthread -lgtk-x11-2.0 -lgdk-x11-2.0 -latk-1.0 -lpangoft2-1.0 -lgdk_pixbuf-2.0 -lm -lpangocairo-1.0 -lcairo -lgio-2.0 -lpango-1.0 -lfreetype -lfontconfig -lgobject-2.0 -lgmodule-2.0 -lgthread-2.0 -lrt -lglib-2.0 -lart_lgpl_2 -lxml2    -lpng -lz >&5
configure:18202: $? = 0
configure:18205: test -s conftest
configure:18208: $? = 0
configure:18219: result: yes
configure:18237: checking for floor
configure:18287: gcc -o conftest -g -O2   conftest.c  >&5
configure:18292: warning: conflicting types for built-in function 'floor'
/tmp/ccjv4mgG.o: In function `main':
/home/ben/inkscape_build/inkscapelite-0.36.3/configure:18307: undefined reference to `floor'
/tmp/ccjv4mgG.o:(.data+0x0): undefined reference to `floor'
collect2: ld returned 1 exit status
configure:18290: $? = 1
configure: failed program was:
| #line 18242 "configure"
| /* confdefs.h.  */
| 
| #define PACKAGE_NAME "inkscape"
| #define PACKAGE_TARNAME "inkscape"
| #define PACKAGE_VERSION "0.36"
| #define PACKAGE_STRING "inkscape 0.36"
| #define PACKAGE_BUGREPORT ""
| #define PACKAGE "inkscape"
| #define VERSION "0.36"
| #define STDC_HEADERS 1
| #define HAVE_SYS_TYPES_H 1
| #define HAVE_SYS_STAT_H 1
| #define HAVE_STDLIB_H 1
| #define HAVE_STRING_H 1
| #define HAVE_MEMORY_H 1
| #define HAVE_STRINGS_H 1
| #define HAVE_INTTYPES_H 1
| #define HAVE_STDINT_H 1
| #define HAVE_UNISTD_H 1
| #define HAVE_DLFCN_H 1
| #ifdef __cplusplus
| #include <stdlib.h>
| #endif
| #define GETTEXT_PACKAGE "inkscape"
| #define HAVE_LOCALE_H 1
| #define HAVE_LC_MESSAGES 1
| #define HAVE_BIND_TEXTDOMAIN_CODESET 1
| #define HAVE_GETTEXT 1
| #define HAVE_DCGETTEXT 1
| #define ENABLE_NLS 1
| #define WITH_XFT 1
| #define HAVE_BIND_TEXTDOMAIN_CODESET 1
| #define HAVE_GTK_WINDOW_SET_DEFAULT_ICON_FROM_FILE 1
| /* end confdefs.h.  */
| /* System header to define __stub macros and hopefully few prototypes,
|     which can conflict with char floor (); below.
|     Prefer <limits.h> to <assert.h> if __STDC__ is defined, since
|     <limits.h> exists even on freestanding compilers.  */
| #ifdef __STDC__
| # include <limits.h>
| #else
| # include <assert.h>
| #endif
| /* Override any gcc2 internal prototype to avoid an error.  */
| #ifdef __cplusplus
| extern "C"
| {
| #endif
| /* We use char because int might match the return type of a gcc2
|    builtin and then its argument prototype would still apply.  */
| char floor ();
| /* The GNU C library defines this for functions which it implements
|     to always fail with ENOSYS.  Some functions are actually named
|     something starting with __ and the normal name is an alias.  */
| #if defined (__stub_floor) || defined (__stub___floor)
| choke me
| #else
| char (*f) () = floor;
| #endif
| #ifdef __cplusplus
| }
| #endif
| 
| int
| main ()
| {
| return f != floor;
|   ;
|   return 0;
| }
configure:18307: result: no
configure:18321: checking for gettimeofday
configure:18371: gcc -o conftest -g -O2   conftest.c  >&5
configure:18374: $? = 0
configure:18377: test -s conftest
configure:18380: $? = 0
configure:18391: result: yes
configure:18405: checking for memmove
configure:18455: gcc -o conftest -g -O2   conftest.c  >&5
configure:18461: warning: conflicting types for built-in function 'memmove'
configure:18458: $? = 0
configure:18461: test -s conftest
configure:18464: $? = 0
configure:18475: result: yes
configure:18489: checking for memset
configure:18539: gcc -o conftest -g -O2   conftest.c  >&5
configure:18546: warning: conflicting types for built-in function 'memset'
configure:18542: $? = 0
configure:18545: test -s conftest
configure:18548: $? = 0
configure:18559: result: yes
configure:18573: checking for mkdir
configure:18623: gcc -o conftest -g -O2   conftest.c  >&5
configure:18626: $? = 0
configure:18629: test -s conftest
configure:18632: $? = 0
configure:18643: result: yes
configure:18657: checking for pow
configure:18707: gcc -o conftest -g -O2   conftest.c  >&5
configure:18716: warning: conflicting types for built-in function 'pow'
/tmp/ccIY0Agv.o: In function `main':
/home/ben/inkscape_build/inkscapelite-0.36.3/configure:18731: undefined reference to `pow'
/tmp/ccIY0Agv.o:(.data+0x0): undefined reference to `pow'
collect2: ld returned 1 exit status
configure:18710: $? = 1
configure: failed program was:
| #line 18662 "configure"
| /* confdefs.h.  */
| 
| #define PACKAGE_NAME "inkscape"
| #define PACKAGE_TARNAME "inkscape"
| #define PACKAGE_VERSION "0.36"
| #define PACKAGE_STRING "inkscape 0.36"
| #define PACKAGE_BUGREPORT ""
| #define PACKAGE "inkscape"
| #define VERSION "0.36"
| #define STDC_HEADERS 1
| #define HAVE_SYS_TYPES_H 1
| #define HAVE_SYS_STAT_H 1
| #define HAVE_STDLIB_H 1
| #define HAVE_STRING_H 1
| #define HAVE_MEMORY_H 1
| #define HAVE_STRINGS_H 1
| #define HAVE_INTTYPES_H 1
| #define HAVE_STDINT_H 1
| #define HAVE_UNISTD_H 1
| #define HAVE_DLFCN_H 1
| #ifdef __cplusplus
| #include <stdlib.h>
| #endif
| #define GETTEXT_PACKAGE "inkscape"
| #define HAVE_LOCALE_H 1
| #define HAVE_LC_MESSAGES 1
| #define HAVE_BIND_TEXTDOMAIN_CODESET 1
| #define HAVE_GETTEXT 1
| #define HAVE_DCGETTEXT 1
| #define ENABLE_NLS 1
| #define WITH_XFT 1
| #define HAVE_BIND_TEXTDOMAIN_CODESET 1
| #define HAVE_GTK_WINDOW_SET_DEFAULT_ICON_FROM_FILE 1
| #define HAVE_GETTIMEOFDAY 1
| #define HAVE_MEMMOVE 1
| #define HAVE_MEMSET 1
| #define HAVE_MKDIR 1
| /* end confdefs.h.  */
| /* System header to define __stub macros and hopefully few prototypes,
|     which can conflict with char pow (); below.
|     Prefer <limits.h> to <assert.h> if __STDC__ is defined, since
|     <limits.h> exists even on freestanding compilers.  */
| #ifdef __STDC__
| # include <limits.h>
| #else
| # include <assert.h>
| #endif
| /* Override any gcc2 internal prototype to avoid an error.  */
| #ifdef __cplusplus
| extern "C"
| {
| #endif
| /* We use char because int might match the return type of a gcc2
|    builtin and then its argument prototype would still apply.  */
| char pow ();
| /* The GNU C library defines this for functions which it implements
|     to always fail with ENOSYS.  Some functions are actually named
|     something starting with __ and the normal name is an alias.  */
| #if defined (__stub_pow) || defined (__stub___pow)
| choke me
| #else
| char (*f) () = pow;
| #endif
| #ifdef __cplusplus
| }
| #endif
| 
| int
| main ()
| {
| return f != pow;
|   ;
|   return 0;
| }
configure:18727: result: no
configure:18741: checking for sqrt
configure:18791: gcc -o conftest -g -O2   conftest.c  >&5
configure:18800: warning: conflicting types for built-in function 'sqrt'
/tmp/cczh222H.o: In function `main':
/home/ben/inkscape_build/inkscapelite-0.36.3/configure:18815: undefined reference to `sqrt'
/tmp/cczh222H.o:(.data+0x0): undefined reference to `sqrt'
collect2: ld returned 1 exit status
configure:18794: $? = 1
configure: failed program was:
| #line 18746 "configure"
| /* confdefs.h.  */
| 
| #define PACKAGE_NAME "inkscape"
| #define PACKAGE_TARNAME "inkscape"
| #define PACKAGE_VERSION "0.36"
| #define PACKAGE_STRING "inkscape 0.36"
| #define PACKAGE_BUGREPORT ""
| #define PACKAGE "inkscape"
| #define VERSION "0.36"
| #define STDC_HEADERS 1
| #define HAVE_SYS_TYPES_H 1
| #define HAVE_SYS_STAT_H 1
| #define HAVE_STDLIB_H 1
| #define HAVE_STRING_H 1
| #define HAVE_MEMORY_H 1
| #define HAVE_STRINGS_H 1
| #define HAVE_INTTYPES_H 1
| #define HAVE_STDINT_H 1
| #define HAVE_UNISTD_H 1
| #define HAVE_DLFCN_H 1
| #ifdef __cplusplus
| #include <stdlib.h>
| #endif
| #define GETTEXT_PACKAGE "inkscape"
| #define HAVE_LOCALE_H 1
| #define HAVE_LC_MESSAGES 1
| #define HAVE_BIND_TEXTDOMAIN_CODESET 1
| #define HAVE_GETTEXT 1
| #define HAVE_DCGETTEXT 1
| #define ENABLE_NLS 1
| #define WITH_XFT 1
| #define HAVE_BIND_TEXTDOMAIN_CODESET 1
| #define HAVE_GTK_WINDOW_SET_DEFAULT_ICON_FROM_FILE 1
| #define HAVE_GETTIMEOFDAY 1
| #define HAVE_MEMMOVE 1
| #define HAVE_MEMSET 1
| #define HAVE_MKDIR 1
| /* end confdefs.h.  */
| /* System header to define __stub macros and hopefully few prototypes,
|     which can conflict with char sqrt (); below.
|     Prefer <limits.h> to <assert.h> if __STDC__ is defined, since
|     <limits.h> exists even on freestanding compilers.  */
| #ifdef __STDC__
| # include <limits.h>
| #else
| # include <assert.h>
| #endif
| /* Override any gcc2 internal prototype to avoid an error.  */
| #ifdef __cplusplus
| extern "C"
| {
| #endif
| /* We use char because int might match the return type of a gcc2
|    builtin and then its argument prototype would still apply.  */
| char sqrt ();
| /* The GNU C library defines this for functions which it implements
|     to always fail with ENOSYS.  Some functions are actually named
|     something starting with __ and the normal name is an alias.  */
| #if defined (__stub_sqrt) || defined (__stub___sqrt)
| choke me
| #else
| char (*f) () = sqrt;
| #endif
| #ifdef __cplusplus
| }
| #endif
| 
| int
| main ()
| {
| return f != sqrt;
|   ;
|   return 0;
| }
configure:18811: result: no
configure:18825: checking for strncasecmp
configure:18875: gcc -o conftest -g -O2   conftest.c  >&5
configure:18884: warning: conflicting types for built-in function 'strncasecmp'
configure:18878: $? = 0
configure:18881: test -s conftest
configure:18884: $? = 0
configure:18895: result: yes
configure:18909: checking for strpbrk
configure:18959: gcc -o conftest -g -O2   conftest.c  >&5
configure:18969: warning: conflicting types for built-in function 'strpbrk'
configure:18962: $? = 0
configure:18965: test -s conftest
configure:18968: $? = 0
configure:18979: result: yes
configure:18993: checking for strrchr
configure:19043: gcc -o conftest -g -O2   conftest.c  >&5
configure:19054: warning: conflicting types for built-in function 'strrchr'
configure:19046: $? = 0
configure:19049: test -s conftest
configure:19052: $? = 0
configure:19063: result: yes
configure:19077: checking for strspn
configure:19127: gcc -o conftest -g -O2   conftest.c  >&5
configure:19139: warning: conflicting types for built-in function 'strspn'
configure:19130: $? = 0
configure:19133: test -s conftest
configure:19136: $? = 0
configure:19147: result: yes
configure:19161: checking for strstr
configure:19211: gcc -o conftest -g -O2   conftest.c  >&5
configure:19224: warning: conflicting types for built-in function 'strstr'
configure:19214: $? = 0
configure:19217: test -s conftest
configure:19220: $? = 0
configure:19231: result: yes
configure:19245: checking for strtoul
configure:19295: gcc -o conftest -g -O2   conftest.c  >&5
configure:19298: $? = 0
configure:19301: test -s conftest
configure:19304: $? = 0
configure:19315: result: yes
configure:19329: checking for fpsetmask
configure:19379: gcc -o conftest -g -O2   conftest.c  >&5
/tmp/cc40bRj1.o: In function `main':
/home/ben/inkscape_build/inkscapelite-0.36.3/configure:19409: undefined reference to `fpsetmask'
/tmp/cc40bRj1.o:(.data+0x0): undefined reference to `fpsetmask'
collect2: ld returned 1 exit status
configure:19382: $? = 1
configure: failed program was:
| #line 19334 "configure"
| /* confdefs.h.  */
| 
| #define PACKAGE_NAME "inkscape"
| #define PACKAGE_TARNAME "inkscape"
| #define PACKAGE_VERSION "0.36"
| #define PACKAGE_STRING "inkscape 0.36"
| #define PACKAGE_BUGREPORT ""
| #define PACKAGE "inkscape"
| #define VERSION "0.36"
| #define STDC_HEADERS 1
| #define HAVE_SYS_TYPES_H 1
| #define HAVE_SYS_STAT_H 1
| #define HAVE_STDLIB_H 1
| #define HAVE_STRING_H 1
| #define HAVE_MEMORY_H 1
| #define HAVE_STRINGS_H 1
| #define HAVE_INTTYPES_H 1
| #define HAVE_STDINT_H 1
| #define HAVE_UNISTD_H 1
| #define HAVE_DLFCN_H 1
| #ifdef __cplusplus
| #include <stdlib.h>
| #endif
| #define GETTEXT_PACKAGE "inkscape"
| #define HAVE_LOCALE_H 1
| #define HAVE_LC_MESSAGES 1
| #define HAVE_BIND_TEXTDOMAIN_CODESET 1
| #define HAVE_GETTEXT 1
| #define HAVE_DCGETTEXT 1
| #define ENABLE_NLS 1
| #define WITH_XFT 1
| #define HAVE_BIND_TEXTDOMAIN_CODESET 1
| #define HAVE_GTK_WINDOW_SET_DEFAULT_ICON_FROM_FILE 1
| #define HAVE_GETTIMEOFDAY 1
| #define HAVE_MEMMOVE 1
| #define HAVE_MEMSET 1
| #define HAVE_MKDIR 1
| #define HAVE_STRNCASECMP 1
| #define HAVE_STRPBRK 1
| #define HAVE_STRRCHR 1
| #define HAVE_STRSPN 1
| #define HAVE_STRSTR 1
| #define HAVE_STRTOUL 1
| /* end confdefs.h.  */
| /* System header to define __stub macros and hopefully few prototypes,
|     which can conflict with char fpsetmask (); below.
|     Prefer <limits.h> to <assert.h> if __STDC__ is defined, since
|     <limits.h> exists even on freestanding compilers.  */
| #ifdef __STDC__
| # include <limits.h>
| #else
| # include <assert.h>
| #endif
| /* Override any gcc2 internal prototype to avoid an error.  */
| #ifdef __cplusplus
| extern "C"
| {
| #endif
| /* We use char because int might match the return type of a gcc2
|    builtin and then its argument prototype would still apply.  */
| char fpsetmask ();
| /* The GNU C library defines this for functions which it implements
|     to always fail with ENOSYS.  Some functions are actually named
|     something starting with __ and the normal name is an alias.  */
| #if defined (__stub_fpsetmask) || defined (__stub___fpsetmask)
| choke me
| #else
| char (*f) () = fpsetmask;
| #endif
| #ifdef __cplusplus
| }
| #endif
| 
| int
| main ()
| {
| return f != fpsetmask;
|   ;
|   return 0;
| }
configure:19399: result: no
configure:19423: checking fcntl.h usability
configure:19436: gcc -c -g -O2  conftest.c >&5
configure:19439: $? = 0
configure:19442: test -s conftest.o
configure:19445: $? = 0
configure:19455: result: yes
configure:19459: checking fcntl.h presence
configure:19470: gcc -E  conftest.c
configure:19476: $? = 0
configure:19495: result: yes
configure:19531: checking for fcntl.h
configure:19538: result: yes
configure:19556: checking for libintl.h
configure:19561: result: yes
configure:19707: checking stddef.h usability
configure:19720: gcc -c -g -O2  conftest.c >&5
configure:19723: $? = 0
configure:19726: test -s conftest.o
configure:19729: $? = 0
configure:19739: result: yes
configure:19743: checking stddef.h presence
configure:19754: gcc -E  conftest.c
configure:19760: $? = 0
configure:19779: result: yes
configure:19815: checking for stddef.h
configure:19822: result: yes
configure:19849: checking sys/time.h usability
configure:19862: gcc -c -g -O2  conftest.c >&5
configure:19865: $? = 0
configure:19868: test -s conftest.o
configure:19871: $? = 0
configure:19881: result: yes
configure:19885: checking sys/time.h presence
configure:19896: gcc -E  conftest.c
configure:19902: $? = 0
configure:19921: result: yes
configure:19957: checking for sys/time.h
configure:19964: result: yes
configure:19982: checking for stdlib.h
configure:19987: result: yes
configure:20119: checking for GNU libc compatible malloc
configure:20149: gcc -o conftest -g -O2   conftest.c  >&5
configure:20152: $? = 0
configure:20154: ./conftest
configure:20157: $? = 0
configure:20171: result: yes
configure:20194: checking whether lstat dereferences a symlink specified with a trailing slash
configure:20226: gcc -o conftest -g -O2   conftest.c  >&5
configure:20229: $? = 0
configure:20231: ./conftest
configure:20234: $? = 0
configure:20255: result: yes
configure:20269: checking whether stat accepts an empty string
configure:20295: gcc -o conftest -g -O2   conftest.c  >&5
configure:20298: $? = 0
configure:20300: ./conftest
configure:20303: $? = 1
configure: program exited with status 1
configure: failed program was:
| #line 20277 "configure"
| /* confdefs.h.  */
| 
| #define PACKAGE_NAME "inkscape"
| #define PACKAGE_TARNAME "inkscape"
| #define PACKAGE_VERSION "0.36"
| #define PACKAGE_STRING "inkscape 0.36"
| #define PACKAGE_BUGREPORT ""
| #define PACKAGE "inkscape"
| #define VERSION "0.36"
| #define STDC_HEADERS 1
| #define HAVE_SYS_TYPES_H 1
| #define HAVE_SYS_STAT_H 1
| #define HAVE_STDLIB_H 1
| #define HAVE_STRING_H 1
| #define HAVE_MEMORY_H 1
| #define HAVE_STRINGS_H 1
| #define HAVE_INTTYPES_H 1
| #define HAVE_STDINT_H 1
| #define HAVE_UNISTD_H 1
| #define HAVE_DLFCN_H 1
| #ifdef __cplusplus
| #include <stdlib.h>
| #endif
| #define GETTEXT_PACKAGE "inkscape"
| #define HAVE_LOCALE_H 1
| #define HAVE_LC_MESSAGES 1
| #define HAVE_BIND_TEXTDOMAIN_CODESET 1
| #define HAVE_GETTEXT 1
| #define HAVE_DCGETTEXT 1
| #define ENABLE_NLS 1
| #define WITH_XFT 1
| #define HAVE_BIND_TEXTDOMAIN_CODESET 1
| #define HAVE_GTK_WINDOW_SET_DEFAULT_ICON_FROM_FILE 1
| #define HAVE_GETTIMEOFDAY 1
| #define HAVE_MEMMOVE 1
| #define HAVE_MEMSET 1
| #define HAVE_MKDIR 1
| #define HAVE_STRNCASECMP 1
| #define HAVE_STRPBRK 1
| #define HAVE_STRRCHR 1
| #define HAVE_STRSPN 1
| #define HAVE_STRSTR 1
| #define HAVE_STRTOUL 1
| #define HAVE_FCNTL_H 1
| #define HAVE_LIBINTL_H 1
| #define HAVE_STDDEF_H 1
| #define HAVE_SYS_TIME_H 1
| #define HAVE_STDLIB_H 1
| #define HAVE_MALLOC 1
| #define LSTAT_FOLLOWS_SLASHED_SYMLINK 1
| /* end confdefs.h.  */
| #include <stdio.h>
| #if HAVE_SYS_TYPES_H
| # include <sys/types.h>
| #endif
| #if HAVE_SYS_STAT_H
| # include <sys/stat.h>
| #endif
| #if STDC_HEADERS
| # include <stdlib.h>
| # include <stddef.h>
| #else
| # if HAVE_STDLIB_H
| #  include <stdlib.h>
| # endif
| #endif
| #if HAVE_STRING_H
| # if !STDC_HEADERS && HAVE_MEMORY_H
| #  include <memory.h>
| # endif
| # include <string.h>
| #endif
| #if HAVE_STRINGS_H
| # include <strings.h>
| #endif
| #if HAVE_INTTYPES_H
| # include <inttypes.h>
| #else
| # if HAVE_STDINT_H
| #  include <stdint.h>
| # endif
| #endif
| #if HAVE_UNISTD_H
| # include <unistd.h>
| #endif
| int
| main ()
| {
| struct stat sbuf;
|   exit (stat ("", &sbuf) ? 1 : 0);
|   ;
|   return 0;
| }
configure:20317: result: no
configure:20332: checking for strftime
configure:20382: gcc -o conftest -g -O2   conftest.c  >&5
configure:20404: warning: conflicting types for built-in function 'strftime'
configure:20385: $? = 0
configure:20388: test -s conftest
configure:20391: $? = 0
configure:20402: result: yes
configure:20476: checking for working strtod
configure:20520: gcc -o conftest -g -O2   conftest.c  >&5
configure: In function 'main':
configure:20548: warning: incompatible implicit declaration of built-in function 'exit'
configure:20558: warning: incompatible implicit declaration of built-in function 'exit'
configure:20560: warning: incompatible implicit declaration of built-in function 'exit'
configure:20523: $? = 0
configure:20525: ./conftest
configure:20528: $? = 0
configure:20542: result: yes
configure:20685: checking whether stat file-mode macros are broken
configure:20734: result: no
configure:20744: checking whether time.h and sys/time.h may both be included
configure:20770: gcc -c -g -O2  conftest.c >&5
configure:20773: $? = 0
configure:20776: test -s conftest.o
configure:20779: $? = 0
configure:20790: result: yes
configure:20800: checking whether struct tm is in sys/time.h or time.h
configure:20824: gcc -c -g -O2  conftest.c >&5
configure:20827: $? = 0
configure:20830: test -s conftest.o
configure:20833: $? = 0
configure:20844: result: time.h
configure:20854: checking for mode_t
configure:20879: gcc -c -g -O2  conftest.c >&5
configure:20882: $? = 0
configure:20885: test -s conftest.o
configure:20888: $? = 0
configure:20899: result: yes
configure:20911: checking return type of signal handlers
configure:20943: gcc -c -g -O2  conftest.c >&5
configure:20946: $? = 0
configure:20949: test -s conftest.o
configure:20952: $? = 0
configure:20963: result: void
configure:21000: checking for x86 platform
configure:21009: result: yes
configure:21014: checking compiler support for MMX
configure:21023: gcc -c -g -O2  conftest.S >&5
configure:21026: $? = 0
configure:21046: result: yes
configure:21229: creating ./config.status

## ---------------------- ##
## Running config.status. ##
## ---------------------- ##

This file was extended by inkscape config.status 0.36, which was
generated by GNU Autoconf 2.57.  Invocation command line was

  CONFIG_FILES    = 
  CONFIG_HEADERS  = 
  CONFIG_LINKS    = 
  CONFIG_COMMANDS = 
  $ ./config.status 

on debian

config.status:748: creating Makefile
config.status:748: creating src/Makefile
config.status:748: creating src/libarikkei/Makefile
config.status:748: creating src/libnr/Makefile
config.status:748: creating src/libnrtype/Makefile
config.status:748: creating src/xml/Makefile
config.status:748: creating src/svg/Makefile
config.status:748: creating src/utest/Makefile
config.status:748: creating src/widgets/Makefile
config.status:748: creating src/helper/Makefile
config.status:748: creating src/dialogs/Makefile
config.status:748: creating src/display/Makefile
config.status:748: creating src/modules/Makefile
config.status:748: creating extensions/Makefile
config.status:748: creating po/Makefile.in
config.status:748: creating glade/Makefile
config.status:748: creating inkscape.spec
config.status:748: creating inkscape.1
config.status:852: creating config.h
config.status:1163: executing default-1 commands
config.status:1163: executing depfiles commands
config.status:1163: executing default-2 commands

## ---------------- ##
## Cache variables. ##
## ---------------- ##

ac_cv_build=i686-pc-linux-gnu
ac_cv_build_alias=i686-pc-linux-gnu
ac_cv_c_compiler_gnu=yes
ac_cv_cxx_compiler_gnu=yes
ac_cv_env_CC_set=
ac_cv_env_CC_value=
ac_cv_env_CFLAGS_set=
ac_cv_env_CFLAGS_value=
ac_cv_env_CPPFLAGS_set=
ac_cv_env_CPPFLAGS_value=
ac_cv_env_CPP_set=
ac_cv_env_CPP_value=
ac_cv_env_CXXCPP_set=
ac_cv_env_CXXCPP_value=
ac_cv_env_CXXFLAGS_set=
ac_cv_env_CXXFLAGS_value=
ac_cv_env_CXX_set=
ac_cv_env_CXX_value=
ac_cv_env_LDFLAGS_set=
ac_cv_env_LDFLAGS_value=
ac_cv_env_build_alias_set=
ac_cv_env_build_alias_value=
ac_cv_env_host_alias_set=
ac_cv_env_host_alias_value=
ac_cv_env_target_alias_set=
ac_cv_env_target_alias_value=
ac_cv_exeext=
ac_cv_func_bind_textdomain_codeset=yes
ac_cv_func_dcgettext=yes
ac_cv_func_floor=no
ac_cv_func_fpsetmask=no
ac_cv_func_gettimeofday=yes
ac_cv_func_gtk_window_set_default_icon_from_file=yes
ac_cv_func_lstat_dereferences_slashed_symlink=yes
ac_cv_func_malloc_0_nonnull=yes
ac_cv_func_memmove=yes
ac_cv_func_memset=yes
ac_cv_func_mkdir=yes
ac_cv_func_pow=no
ac_cv_func_sqrt=no
ac_cv_func_stat_empty_string_bug=no
ac_cv_func_strftime=yes
ac_cv_func_strncasecmp=yes
ac_cv_func_strpbrk=yes
ac_cv_func_strrchr=yes
ac_cv_func_strspn=yes
ac_cv_func_strstr=yes
ac_cv_func_strtod=yes
ac_cv_func_strtoul=yes
ac_cv_header_dlfcn_h=yes
ac_cv_header_fcntl_h=yes
ac_cv_header_inttypes_h=yes
ac_cv_header_libintl_h=yes
ac_cv_header_locale_h=yes
ac_cv_header_memory_h=yes
ac_cv_header_png_h=yes
ac_cv_header_popt_h=no
ac_cv_header_stat_broken=no
ac_cv_header_stdc=yes
ac_cv_header_stddef_h=yes
ac_cv_header_stdint_h=yes
ac_cv_header_stdlib_h=yes
ac_cv_header_string_h=yes
ac_cv_header_strings_h=yes
ac_cv_header_sys_stat_h=yes
ac_cv_header_sys_time_h=yes
ac_cv_header_sys_types_h=yes
ac_cv_header_time=yes
ac_cv_header_unistd_h=yes
ac_cv_host=i686-pc-linux-gnu
ac_cv_host_alias=i686-pc-linux-gnu
ac_cv_lib_cposix_strerror=no
ac_cv_lib_png_png_read_info=yes
ac_cv_objext=o
ac_cv_path_FREETYPE_CONFIG=/usr/bin/freetype-config
ac_cv_path_GMSGFMT=/usr/bin/msgfmt
ac_cv_path_INTLTOOL_PERL=/usr/bin/perl
ac_cv_path_MSGFMT=/usr/bin/msgfmt
ac_cv_path_PKG_CONFIG=/usr/bin/pkg-config
ac_cv_path_XGETTEXT=/usr/bin/xgettext
ac_cv_path_install='/usr/bin/install -c'
ac_cv_prog_AWK=mawk
ac_cv_prog_CPP='gcc -E'
ac_cv_prog_CXXCPP='g++ -E'
ac_cv_prog_ac_ct_CC=gcc
ac_cv_prog_ac_ct_CXX=g++
ac_cv_prog_ac_ct_RANLIB=ranlib
ac_cv_prog_ac_ct_STRIP=strip
ac_cv_prog_cc_g=yes
ac_cv_prog_cc_stdc=
ac_cv_prog_cxx_g=yes
ac_cv_prog_egrep='grep -E'
ac_cv_prog_make_make_set=yes
ac_cv_struct_tm=time.h
ac_cv_type_mode_t=yes
ac_cv_type_signal=void
am_cv_CC_dependencies_compiler_type=gcc3
am_cv_CXX_dependencies_compiler_type=gcc3
am_cv_prog_cc_stdc=
am_cv_val_LC_MESSAGES=yes
gt_cv_func_dgettext_libc=yes
gt_cv_func_dgettext_libintl=no
gt_cv_have_gettext=yes
lt_cv_deplibs_check_method=pass_all
lt_cv_file_magic_cmd='$MAGIC_CMD'
lt_cv_file_magic_test_file='/lib/libc.so.6 /lib/libc-2.11.3.so'
lt_cv_ld_reload_flag=-r
lt_cv_objdir=.libs
lt_cv_path_LD=/usr/bin/ld
lt_cv_path_NM='/usr/bin/nm -B'
lt_cv_path_SED=/bin/sed
lt_cv_prog_compiler_c_o=yes
lt_cv_prog_compiler_c_o_CXX=yes
lt_cv_prog_compiler_c_o_GCJ=no
lt_cv_prog_compiler_rtti_exceptions=no
lt_cv_prog_gnu_ld=yes
lt_cv_sys_global_symbol_pipe='sed -n -e '\''s/^.*[ 	]\([ABCDGISTW][ABCDGISTW]*\)[ 	][ 	]*\(\)\([_A-Za-z][_A-Za-z0-9]*\)$/\1 \2\3 \3/p'\'''
lt_cv_sys_global_symbol_to_c_name_address='sed -n -e '\''s/^: \([^ ]*\) $/  {\"\1\", (lt_ptr) 0},/p'\'' -e '\''s/^[BCDEGRST] \([^ ]*\) \([^ ]*\)$/  {"\2", (lt_ptr) \&\2},/p'\'''
lt_cv_sys_global_symbol_to_cdecl='sed -n -e '\''s/^. .* \(.*\)$/extern int \1;/p'\'''
lt_cv_sys_max_cmd_len=32768
lt_lt_cv_prog_compiler_c_o='"yes"'
lt_lt_cv_prog_compiler_c_o_CXX='"yes"'
lt_lt_cv_prog_compiler_c_o_GCJ='"no"'
lt_lt_cv_sys_global_symbol_pipe='"sed -n -e '\''s/^.*[ 	]\\([ABCDGISTW][ABCDGISTW]*\\)[ 	][ 	]*\\(\\)\\([_A-Za-z][_A-Za-z0-9]*\\)\$/\\1 \\2\\3 \\3/p'\''"'
lt_lt_cv_sys_global_symbol_to_c_name_address='"sed -n -e '\''s/^: \\([^ ]*\\) \$/  {\\\"\\1\\\", (lt_ptr) 0},/p'\'' -e '\''s/^[BCDEGRST] \\([^ ]*\\) \\([^ ]*\\)\$/  {\"\\2\", (lt_ptr) \\&\\2},/p'\''"'
lt_lt_cv_sys_global_symbol_to_cdecl='"sed -n -e '\''s/^. .* \\(.*\\)\$/extern int \\1;/p'\''"'

## ----------------- ##
## Output variables. ##
## ----------------- ##

ACLOCAL='${SHELL} /home/ben/inkscape_build/inkscapelite-0.36.3/missing --run aclocal-1.7'
AMDEPBACKSLASH='\'
AMDEP_FALSE='#'
AMDEP_TRUE=''
AMTAR='${SHELL} /home/ben/inkscape_build/inkscapelite-0.36.3/missing --run tar'
AUTOCONF='${SHELL} /home/ben/inkscape_build/inkscapelite-0.36.3/missing --run autoconf'
AUTOHEADER='${SHELL} /home/ben/inkscape_build/inkscapelite-0.36.3/missing --run autoheader'
AUTOMAKE='${SHELL} /home/ben/inkscape_build/inkscapelite-0.36.3/missing --run automake-1.7'
AWK='mawk'
CATALOGS=' am.gmo az.gmo be.gmo ca.gmo cs.gmo da.gmo de.gmo el.gmo es.gmo et.gmo fr.gmo ga.gmo gl.gmo hu.gmo it.gmo ja.gmo nl.gmo no.gmo ru.gmo sk.gmo sl.gmo sr.gmo sr@Latn.gmo sv.gmo tr.gmo uk.gmo pl.gmo pt_BR.gmo pt.gmo zh_CN.gmo'
CATOBJEXT='.gmo'
CC='gcc'
CCAS='$(CC)'
CCASFLAGS='$(CFLAGS)'
CCDEPMODE='depmode=gcc3'
CFLAGS='-g -O2'
CPP='gcc -E'
CPPFLAGS=''
CXX='g++'
CXXCPP='g++ -E'
CXXDEPMODE='depmode=gcc3'
CXXFLAGS='-g -O2'
CYGPATH_W='echo'
DATADIRNAME='share'
DEFS='-DHAVE_CONFIG_H'
DEPDIR='.deps'
ECHO='echo'
ECHO_C=''
ECHO_N='-n'
ECHO_T=''
EGREP='grep -E'
EXEEXT=''
FREETYPE_CFLAGS='-I/usr/include/freetype2'
FREETYPE_CONFIG='/usr/bin/freetype-config'
FREETYPE_LIBS='-lfreetype -lz'
GETTEXT_PACKAGE='inkscape'
GMOFILES=' am.gmo az.gmo be.gmo ca.gmo cs.gmo da.gmo de.gmo el.gmo es.gmo et.gmo fr.gmo ga.gmo gl.gmo hu.gmo it.gmo ja.gmo nl.gmo no.gmo ru.gmo sk.gmo sl.gmo sr.gmo sr@Latn.gmo sv.gmo tr.gmo uk.gmo pl.gmo pt_BR.gmo pt.gmo zh_CN.gmo'
GMSGFMT='/usr/bin/msgfmt'
GNOME_PRINT_CFLAGS=''
GNOME_PRINT_LIBS=''
INKSCAPE_CFLAGS='-pthread -I/usr/include/gtk-2.0 -I/usr/lib/gtk-2.0/include -I/usr/include/atk-1.0 -I/usr/include/cairo -I/usr/include/pango-1.0 -I/usr/include/gio-unix-2.0/ -I/usr/include/pixman-1 -I/usr/include/freetype2 -I/usr/include/libpng12 -I/usr/include/glib-2.0 -I/usr/lib/glib-2.0/include -I/usr/include/libart-2.0 -I/usr/include/libxml2  '
INKSCAPE_LIBS='-pthread -lgtk-x11-2.0 -lgdk-x11-2.0 -latk-1.0 -lpangoft2-1.0 -lgdk_pixbuf-2.0 -lm -lpangocairo-1.0 -lcairo -lgio-2.0 -lpango-1.0 -lfreetype -lfontconfig -lgobject-2.0 -lgmodule-2.0 -lgthread-2.0 -lrt -lglib-2.0 -lart_lgpl_2 -lxml2    -lpng -lz'
INSTALL_DATA='${INSTALL} -m 644'
INSTALL_PROGRAM='${INSTALL} $(INSTALL_STRIP_FLAG)'
INSTALL_SCRIPT='${INSTALL}'
INSTALL_STRIP_PROGRAM='${SHELL} $(install_sh) -c -s'
INSTOBJEXT='.mo'
INTLLIBS=''
INTLTOOL_CAVES_RULE='%.caves:     %.caves.in     $(INTLTOOL_MERGE) $(wildcard $(top_srcdir)/po/*.po) ; $(INTLTOOL_MERGE) $(top_srcdir)/po $< $@ -d -u -c $(top_builddir)/po/.intltool-merge-cache'
INTLTOOL_DESKTOP_RULE='%.desktop:   %.desktop.in   $(INTLTOOL_MERGE) $(wildcard $(top_srcdir)/po/*.po) ; $(INTLTOOL_MERGE) $(top_srcdir)/po $< $@ -d -u -c $(top_builddir)/po/.intltool-merge-cache'
INTLTOOL_DIRECTORY_RULE='%.directory: %.directory.in $(INTLTOOL_MERGE) $(wildcard $(top_srcdir)/po/*.po) ; $(INTLTOOL_MERGE) $(top_srcdir)/po $< $@ -d -u -c $(top_builddir)/po/.intltool-merge-cache'
INTLTOOL_EXTRACT='$(top_builddir)/intltool-extract'
INTLTOOL_KEYS_RULE='%.keys:      %.keys.in      $(INTLTOOL_MERGE) $(wildcard $(top_srcdir)/po/*.po) ; $(INTLTOOL_MERGE) $(top_srcdir)/po $< $@ -k -u -c $(top_builddir)/po/.intltool-merge-cache'
INTLTOOL_MERGE='$(top_builddir)/intltool-merge'
INTLTOOL_OAF_RULE='%.oaf:       %.oaf.in       $(INTLTOOL_MERGE) $(wildcard $(top_srcdir)/po/*.po) ; $(INTLTOOL_MERGE) $(top_srcdir)/po $< $@ -o -p'
INTLTOOL_PERL='/usr/bin/perl'
INTLTOOL_PONG_RULE='%.pong:      %.pong.in      $(INTLTOOL_MERGE) $(wildcard $(top_srcdir)/po/*.po) ; $(INTLTOOL_MERGE) $(top_srcdir)/po $< $@ -x -u -c $(top_builddir)/po/.intltool-merge-cache'
INTLTOOL_PROP_RULE='%.prop:      %.prop.in      $(INTLTOOL_MERGE) $(wildcard $(top_srcdir)/po/*.po) ; $(INTLTOOL_MERGE) $(top_srcdir)/po $< $@ -d -u -c $(top_builddir)/po/.intltool-merge-cache'
INTLTOOL_SCHEMAS_RULE='%.schemas:   %.schemas.in   $(INTLTOOL_MERGE) $(wildcard $(top_srcdir)/po/*.po) ; $(INTLTOOL_MERGE) $(top_srcdir)/po $< $@ -s -u -c $(top_builddir)/po/.intltool-merge-cache'
INTLTOOL_SERVER_RULE='%.server:    %.server.in    $(INTLTOOL_MERGE) $(wildcard $(top_srcdir)/po/*.po) ; $(INTLTOOL_MERGE) $(top_srcdir)/po $< $@ -o -u -c $(top_builddir)/po/.intltool-merge-cache'
INTLTOOL_SHEET_RULE='%.sheet:     %.sheet.in     $(INTLTOOL_MERGE) $(wildcard $(top_srcdir)/po/*.po) ; $(INTLTOOL_MERGE) $(top_srcdir)/po $< $@ -x -u -c $(top_builddir)/po/.intltool-merge-cache'
INTLTOOL_SOUNDLIST_RULE='%.soundlist: %.soundlist.in $(INTLTOOL_MERGE) $(wildcard $(top_srcdir)/po/*.po) ; $(INTLTOOL_MERGE) $(top_srcdir)/po $< $@ -d -u -c $(top_builddir)/po/.intltool-merge-cache'
INTLTOOL_THEME_RULE='%.theme:     %.theme.in     $(INTLTOOL_MERGE) $(wildcard $(top_srcdir)/po/*.po) ; $(INTLTOOL_MERGE) $(top_srcdir)/po $< $@ -d -u -c $(top_builddir)/po/.intltool-merge-cache'
INTLTOOL_UI_RULE='%.ui:        %.ui.in        $(INTLTOOL_MERGE) $(wildcard $(top_srcdir)/po/*.po) ; $(INTLTOOL_MERGE) $(top_srcdir)/po $< $@ -x -u -c $(top_builddir)/po/.intltool-merge-cache'
INTLTOOL_UPDATE='$(top_builddir)/intltool-update'
INTLTOOL_XML_RULE='%.xml:       %.xml.in       $(INTLTOOL_MERGE) $(wildcard $(top_srcdir)/po/*.po) ; $(INTLTOOL_MERGE) $(top_srcdir)/po $< $@ -x -u -c $(top_builddir)/po/.intltool-merge-cache'
LDFLAGS=''
LIBOBJS=''
LIBS=''
LIBTOOL='$(SHELL) $(top_builddir)/libtool'
LN_S='ln -s'
LTLIBOBJS=''
MAKEINFO='${SHELL} /home/ben/inkscape_build/inkscapelite-0.36.3/missing --run makeinfo'
MKINSTALLDIRS='./mkinstalldirs'
MSGFMT='/usr/bin/msgfmt'
OBJEXT='o'
PACKAGE='inkscape'
PACKAGE_BUGREPORT=''
PACKAGE_NAME='inkscape'
PACKAGE_STRING='inkscape 0.36'
PACKAGE_TARNAME='inkscape'
PACKAGE_VERSION='0.36'
PATH_SEPARATOR=':'
PKG_CONFIG='/usr/bin/pkg-config'
POFILES=' am.po az.po be.po ca.po cs.po da.po de.po el.po es.po et.po fr.po ga.po gl.po hu.po it.po ja.po nl.po no.po ru.po sk.po sl.po sr.po sr@Latn.po sv.po tr.po uk.po pl.po pt_BR.po pt.po zh_CN.po'
POSUB='po'
POW_LIB=''
PO_IN_DATADIR_FALSE=''
PO_IN_DATADIR_TRUE=''
RANLIB='ranlib'
SET_MAKE=''
SHELL='/bin/bash'
STRIP='strip'
USE_GNOME_PRINT_FALSE=''
USE_GNOME_PRINT_TRUE='#'
USE_MMX_FALSE='#'
USE_MMX_TRUE=''
USE_NLS='yes'
USE_POPT_FALSE=''
USE_POPT_TRUE='#'
USE_XFT_FALSE='#'
USE_XFT_TRUE=''
VERSION='0.36'
XFT_CFLAGS='-I/usr/include/freetype2  '
XFT_LIBS='-lXft  '
XGETTEXT='/usr/bin/xgettext'
ac_ct_CC='gcc'
ac_ct_CXX='g++'
ac_ct_RANLIB='ranlib'
ac_ct_STRIP='strip'
am__fastdepCC_FALSE='#'
am__fastdepCC_TRUE=''
am__fastdepCXX_FALSE='#'
am__fastdepCXX_TRUE=''
am__include='include'
am__leading_dot='.'
am__quote=''
bindir='${exec_prefix}/bin'
build='i686-pc-linux-gnu'
build_alias=''
build_cpu='i686'
build_os='linux-gnu'
build_vendor='pc'
datadir='${prefix}/share'
exec_prefix='${prefix}'
host='i686-pc-linux-gnu'
host_alias=''
host_cpu='i686'
host_os='linux-gnu'
host_vendor='pc'
includedir='${prefix}/include'
infodir='${prefix}/info'
install_sh='/home/ben/inkscape_build/inkscapelite-0.36.3/install-sh'
libdir='${exec_prefix}/lib'
libexecdir='${exec_prefix}/libexec'
localstatedir='${prefix}/var'
mandir='${prefix}/man'
oldincludedir='/usr/include'
prefix='/usr/local'
program_transform_name='s,x,x,'
sbindir='${exec_prefix}/sbin'
sharedstatedir='${prefix}/com'
sysconfdir='${prefix}/etc'
target_alias=''

## ----------- ##
## confdefs.h. ##
## ----------- ##

#define ENABLE_NLS 1
#define GETTEXT_PACKAGE "inkscape"
#define HAVE_BIND_TEXTDOMAIN_CODESET 1
#define HAVE_BIND_TEXTDOMAIN_CODESET 1
#define HAVE_DCGETTEXT 1
#define HAVE_DLFCN_H 1
#define HAVE_FCNTL_H 1
#define HAVE_GETTEXT 1
#define HAVE_GETTIMEOFDAY 1
#define HAVE_GTK_WINDOW_SET_DEFAULT_ICON_FROM_FILE 1
#define HAVE_INTTYPES_H 1
#define HAVE_LC_MESSAGES 1
#define HAVE_LIBINTL_H 1
#define HAVE_LOCALE_H 1
#define HAVE_MALLOC 1
#define HAVE_MEMMOVE 1
#define HAVE_MEMORY_H 1
#define HAVE_MEMSET 1
#define HAVE_MKDIR 1
#define HAVE_STDDEF_H 1
#define HAVE_STDINT_H 1
#define HAVE_STDLIB_H 1
#define HAVE_STDLIB_H 1
#define HAVE_STRFTIME 1
#define HAVE_STRINGS_H 1
#define HAVE_STRING_H 1
#define HAVE_STRNCASECMP 1
#define HAVE_STRPBRK 1
#define HAVE_STRRCHR 1
#define HAVE_STRSPN 1
#define HAVE_STRSTR 1
#define HAVE_STRTOUL 1
#define HAVE_SYS_STAT_H 1
#define HAVE_SYS_TIME_H 1
#define HAVE_SYS_TYPES_H 1
#define HAVE_UNISTD_H 1
#define LSTAT_FOLLOWS_SLASHED_SYMLINK 1
#define PACKAGE "inkscape"
#define PACKAGE_BUGREPORT ""
#define PACKAGE_NAME "inkscape"
#define PACKAGE_STRING "inkscape 0.36"
#define PACKAGE_TARNAME "inkscape"
#define PACKAGE_VERSION "0.36"
#define RETSIGTYPE void
#define STDC_HEADERS 1
#define TIME_WITH_SYS_TIME 1
#define VERSION "0.36"
#define WITH_MMX 1
#define WITH_MODULES 1
#define WITH_XFT 1
#endif
#ifdef __cplusplus
#include <stdlib.h>

configure: exit 0
